Using pre-set license
Built from '2021.3/staging' branch; Version is '2021.3.6f1 (7da38d85baf6) revision 8233869'; Using compiler version '192829333'; Build Type 'Release'
OS: 'Windows 10  (10.0.19044) 64bit Professional' Language: 'en' Physical Memory: 16334 MB
BatchMode: 1, IsHumanControllingUs: 0, StartBugReporterOnCrash: 0, Is64bit: 1, IsPro: 1

COMMAND LINE ARGUMENTS:
D:\Unity\Unity Install\2021.3.6f1\Editor\Unity.exe
-adb2
-batchMode
-noUpm
-name
AssetImportWorker0
-projectPath
C:/Proiecte/Unity_proj/Devilish/Devilish
-logFile
Logs/AssetImportWorker0.log
-srvPort
64026
Successfully changed project path to: C:/Proiecte/Unity_proj/Devilish/Devilish
C:/Proiecte/Unity_proj/Devilish/Devilish
[UnityMemory] Configuration Parameters - Can be set up in boot.config
    "memorysetup-bucket-allocator-granularity=16"
    "memorysetup-bucket-allocator-bucket-count=8"
    "memorysetup-bucket-allocator-block-size=33554432"
    "memorysetup-bucket-allocator-block-count=8"
    "memorysetup-main-allocator-block-size=16777216"
    "memorysetup-thread-allocator-block-size=16777216"
    "memorysetup-gfx-main-allocator-block-size=16777216"
    "memorysetup-gfx-thread-allocator-block-size=16777216"
    "memorysetup-cache-allocator-block-size=4194304"
    "memorysetup-typetree-allocator-block-size=2097152"
    "memorysetup-profiler-bucket-allocator-granularity=16"
    "memorysetup-profiler-bucket-allocator-bucket-count=8"
    "memorysetup-profiler-bucket-allocator-block-size=33554432"
    "memorysetup-profiler-bucket-allocator-block-count=8"
    "memorysetup-profiler-allocator-block-size=16777216"
    "memorysetup-profiler-editor-allocator-block-size=1048576"
    "memorysetup-temp-allocator-size-main=16777216"
    "memorysetup-job-temp-allocator-block-size=2097152"
    "memorysetup-job-temp-allocator-block-size-background=1048576"
    "memorysetup-job-temp-allocator-reduction-small-platforms=262144"
    "memorysetup-temp-allocator-size-background-worker=32768"
    "memorysetup-temp-allocator-size-job-worker=262144"
    "memorysetup-temp-allocator-size-preload-manager=33554432"
    "memorysetup-temp-allocator-size-nav-mesh-worker=65536"
    "memorysetup-temp-allocator-size-audio-worker=65536"
    "memorysetup-temp-allocator-size-cloud-worker=32768"
    "memorysetup-temp-allocator-size-gi-baking-worker=262144"
    "memorysetup-temp-allocator-size-gfx=262144"
Refreshing native plugins compatible for Editor in 38.98 ms, found 3 plugins.
Preloading 0 native plugins for Editor in 0.00 ms.
Initialize engine version: 2021.3.6f1 (7da38d85baf6)
[Subsystems] Discovering subsystems at path D:/Unity/Unity Install/2021.3.6f1/Editor/Data/Resources/UnitySubsystems
[Subsystems] Discovering subsystems at path C:/Proiecte/Unity_proj/Devilish/Devilish/Assets
GfxDevice: creating device client; threaded=0; jobified=0
Direct3D:
    Version:  Direct3D 11.0 [level 11.1]
    Renderer: NVIDIA GeForce RTX 3050 (ID=0x2507)
    Vendor:   NVIDIA
    VRAM:     8070 MB
    Driver:   30.0.15.1295
Initialize mono
Mono path[0] = 'D:/Unity/Unity Install/2021.3.6f1/Editor/Data/Managed'
Mono path[1] = 'D:/Unity/Unity Install/2021.3.6f1/Editor/Data/MonoBleedingEdge/lib/mono/unityjit-win32'
Mono config path = 'D:/Unity/Unity Install/2021.3.6f1/Editor/Data/MonoBleedingEdge/etc'
Using monoOptions --debugger-agent=transport=dt_socket,embedding=1,server=y,suspend=n,address=127.0.0.1:56684
Begin MonoManager ReloadAssembly
Registering precompiled unity dll's ...
Register platform support module: D:/Unity/Unity Install/2021.3.6f1/Editor/Data/PlaybackEngines/WebGLSupport/UnityEditor.WebGL.Extensions.dll
Register platform support module: D:/Unity/Unity Install/2021.3.6f1/Editor/Data/PlaybackEngines/WindowsStandaloneSupport/UnityEditor.WindowsStandalone.Extensions.dll
Registered in 0.002944 seconds.
Native extension for WindowsStandalone target not found
Native extension for WebGL target not found
Refreshing native plugins compatible for Editor in 37.95 ms, found 3 plugins.
Preloading 0 native plugins for Editor in 0.00 ms.
Mono: successfully reloaded assembly
- Completed reload, in  0.492 seconds
Domain Reload Profiling:
	ReloadAssembly (493ms)
		BeginReloadAssembly (55ms)
			ExecutionOrderSort (0ms)
			DisableScriptedObjects (0ms)
			BackupInstance (0ms)
			ReleaseScriptingObjects (0ms)
			CreateAndSetChildDomain (1ms)
		EndReloadAssembly (350ms)
			LoadAssemblies (55ms)
			RebuildTransferFunctionScriptingTraits (0ms)
			SetupTypeCache (85ms)
			ReleaseScriptCaches (0ms)
			RebuildScriptCaches (23ms)
			SetupLoadedEditorAssemblies (200ms)
				LogAssemblyErrors (0ms)
				InitializePlatformSupportModulesInManaged (7ms)
				SetLoadedEditorAssemblies (0ms)
				RefreshPlugins (38ms)
				BeforeProcessingInitializeOnLoad (1ms)
				ProcessInitializeOnLoadAttributes (115ms)
				ProcessInitializeOnLoadMethodAttributes (38ms)
				AfterProcessingInitializeOnLoad (0ms)
				EditorAssembliesLoaded (0ms)
			ExecutionOrderSort2 (0ms)
			AwakeInstancesAfterBackupRestoration (0ms)
Platform modules already initialized, skipping
Registering precompiled user dll's ...
Registered in 0.004882 seconds.
Begin MonoManager ReloadAssembly
Native extension for WindowsStandalone target not found
Native extension for WebGL target not found
Refreshing native plugins compatible for Editor in 37.48 ms, found 3 plugins.
Preloading 0 native plugins for Editor in 0.00 ms.
Mono: successfully reloaded assembly
- Completed reload, in  0.829 seconds
Domain Reload Profiling:
	ReloadAssembly (830ms)
		BeginReloadAssembly (87ms)
			ExecutionOrderSort (0ms)
			DisableScriptedObjects (5ms)
			BackupInstance (0ms)
			ReleaseScriptingObjects (0ms)
			CreateAndSetChildDomain (16ms)
		EndReloadAssembly (646ms)
			LoadAssemblies (59ms)
			RebuildTransferFunctionScriptingTraits (0ms)
			SetupTypeCache (175ms)
			ReleaseScriptCaches (0ms)
			RebuildScriptCaches (40ms)
			SetupLoadedEditorAssemblies (327ms)
				LogAssemblyErrors (0ms)
				InitializePlatformSupportModulesInManaged (4ms)
				SetLoadedEditorAssemblies (0ms)
				RefreshPlugins (38ms)
				BeforeProcessingInitializeOnLoad (60ms)
				ProcessInitializeOnLoadAttributes (184ms)
				ProcessInitializeOnLoadMethodAttributes (36ms)
				AfterProcessingInitializeOnLoad (6ms)
				EditorAssembliesLoaded (0ms)
			ExecutionOrderSort2 (0ms)
			AwakeInstancesAfterBackupRestoration (5ms)
Platform modules already initialized, skipping
========================================================================
Worker process is ready to serve import requests
Launched and connected shader compiler UnityShaderCompiler.exe after 0.03 seconds
Refreshing native plugins compatible for Editor in 0.77 ms, found 3 plugins.
Preloading 0 native plugins for Editor in 0.00 ms.
Unloading 2468 Unused Serialized files (Serialized files now loaded: 0)
Unloading 33 unused Assets / (55.4 KB). Loaded Objects now: 2931.
Memory consumption went from 109.4 MB to 109.4 MB.
Total: 3.066000 ms (FindLiveObjects: 0.229500 ms CreateObjectMapping: 0.074200 ms MarkObjects: 2.689300 ms  DeleteObjects: 0.072000 ms)

AssetImportParameters requested are different than current active one (requested -> active):
  custom:video-decoder-ogg-theora: a1e56fd34408186e4bbccfd4996cb3dc -> 
  custom:container-muxer-webm: aa71ff27fc2769a1b78a27578f13a17b -> 
  custom:container-demuxer-webm: 4f35f7cbe854078d1ac9338744f61a02 -> 
  custom:video-encoder-webm-vp8: eb34c28f22e8b96e1ab97ce403110664 -> 
  custom:audio-encoder-webm-vorbis: bf7c407c2cedff20999df2af8eb42d56 -> 
  custom:framework-win-MediaFoundation: 216162199b28c13a410421893ffa2e32 -> 
  custom:container-demuxer-ogg: 62fdf1f143b41e24485cea50d1cbac27 -> 
  custom:video-decoder-webm-vp8: 9c59270c3fd7afecdb556c50c9e8de78 -> 
  custom:audio-decoder-ogg-vorbis: bf7c407c2cedff20999df2af8eb42d56 -> 
========================================================================
Received Import Request.
  Time since last request: 6828.788026 seconds.
  path: Assets/Imported Stuff
  artifactKey: Guid(63db58c9ecdfd394e862aa45418a8db2) Importer(815301076,1909f56bfc062723c751e8b465ee728b)
Start importing Assets/Imported Stuff using Guid(63db58c9ecdfd394e862aa45418a8db2) Importer(815301076,1909f56bfc062723c751e8b465ee728b)  -> (artifact id: '8d2f227375994ed46d263ccaf289e8c3') in 0.009524 seconds 
========================================================================
Received Import Request.
  Time since last request: 0.000013 seconds.
  path: Assets/Imported Stuff/BloodEffect.png
  artifactKey: Guid(96395ec7a49d00442a26e44aa7b668fa) Importer(815301076,1909f56bfc062723c751e8b465ee728b)
Start importing Assets/Imported Stuff/BloodEffect.png using Guid(96395ec7a49d00442a26e44aa7b668fa) Importer(815301076,1909f56bfc062723c751e8b465ee728b)  -> (artifact id: '2c2488d18273b4651e79737a791bdf94') in 0.170737 seconds 
========================================================================
Received Import Request.
  Time since last request: 4.871889 seconds.
  path: Assets/Imported Stuff/Devilish_character/Devilish.png
  artifactKey: Guid(d3548305994b6c44588d98ae1aec2ef4) Importer(815301076,1909f56bfc062723c751e8b465ee728b)
Start importing Assets/Imported Stuff/Devilish_character/Devilish.png using Guid(d3548305994b6c44588d98ae1aec2ef4) Importer(815301076,1909f56bfc062723c751e8b465ee728b)  -> (artifact id: 'c3b1ea1403ff576b1469acd6234227b5') in 0.063151 seconds 
========================================================================
Received Import Request.
  Time since last request: 2.306712 seconds.
  path: Assets/Imported Stuff/Grass/Grass.png
  artifactKey: Guid(cbfdbad8b710db84ab069cabadd4fa28) Importer(815301076,1909f56bfc062723c751e8b465ee728b)
Start importing Assets/Imported Stuff/Grass/Grass.png using Guid(cbfdbad8b710db84ab069cabadd4fa28) Importer(815301076,1909f56bfc062723c751e8b465ee728b)  -> (artifact id: '8e3acd52b574b574c929a766461e55a3') in 0.066270 seconds 
========================================================================
Received Import Request.
  Time since last request: 0.461132 seconds.
  path: Assets/Imported Stuff/Angelish_character/Angelish.png
  artifactKey: Guid(3967a53a88d4dee43a55c63b65c43e09) Importer(815301076,1909f56bfc062723c751e8b465ee728b)
Start importing Assets/Imported Stuff/Angelish_character/Angelish.png using Guid(3967a53a88d4dee43a55c63b65c43e09) Importer(815301076,1909f56bfc062723c751e8b465ee728b)  -> (artifact id: 'f683abead61b4b5d1f3a1fc6ad10e09c') in 0.051789 seconds 
========================================================================
Received Import Request.
  Time since last request: 2.576575 seconds.
  path: Assets/Prefabs/Blood Effect.prefab
  artifactKey: Guid(902fcd44c12178440b73aafdbfcbc1c8) Importer(815301076,1909f56bfc062723c751e8b465ee728b)
Start importing Assets/Prefabs/Blood Effect.prefab using Guid(902fcd44c12178440b73aafdbfcbc1c8) Importer(815301076,1909f56bfc062723c751e8b465ee728b)  -> (artifact id: '2286f0c280afc2a80bb68606ac74c5c5') in 0.067230 seconds 
========================================================================
Received Import Request.
  Time since last request: 1.659605 seconds.
  path: Assets/Prefabs/Player/Player.prefab
  artifactKey: Guid(d9a6ed7cdf89490448e806656b6b7240) Importer(815301076,1909f56bfc062723c751e8b465ee728b)
Start importing Assets/Prefabs/Player/Player.prefab using Guid(d9a6ed7cdf89490448e806656b6b7240) Importer(815301076,1909f56bfc062723c751e8b465ee728b)  -> (artifact id: '0338770f771580b0a415f606761845a4') in 0.101122 seconds 
